#
# There is insufficient memory for the Java Runtime Environment to continue.
# Native memory allocation (malloc) failed to allocate 65552 bytes for Chunk::new
# Possible reasons:
#   The system is out of physical RAM or swap space
#   The process is running with CompressedOops enabled, and the Java Heap may be blocking the growth of the native heap
# Possible solutions:
#   Reduce memory load on the system
#   Increase physical memory or swap space
#   Check if swap backing store is full
#   Decrease Java heap size (-Xmx/-Xms)
#   Decrease number of Java threads
#   Decrease Java thread stack sizes (-Xss)
#   Set larger code cache with -XX:ReservedCodeCacheSize=
#   JVM is running with Unscaled Compressed Oops mode in which the Java heap is
#     placed in the first 4GB address space. The Java Heap base address is the
#     maximum limit for the native heap growth. Please use -XX:HeapBaseMinAddress
#     to set the Java Heap base and to place the Java Heap above 4GB virtual address.
# This output file may be truncated or incomplete.
#
#  Out of Memory Error (allocation.cpp:389), pid=10964, tid=0x00000000000051e4
#
# JRE version: OpenJDK Runtime Environment (8.0_242-b01) (build 1.8.0_242-release-1644-b01)
# Java VM: OpenJDK 64-Bit Server VM (25.242-b01 mixed mode windows-amd64 compressed oops)
# Failed to write core dump. Minidumps are not enabled by default on client versions of Windows
#

---------------  T H R E A D  ---------------

Current thread (0x0000000016083800):  JavaThread "C2 CompilerThread0" daemon [_thread_in_native, id=20964, stack(0x0000000016640000,0x0000000016740000)]

Stack: [0x0000000016640000,0x0000000016740000]
[error occurred during error reporting (printing stack bounds), id 0xc0000005]

Native frames: (J=compiled Java code, j=interpreted, Vv=VM code, C=native code)


Current CompileTask:
C2:   8313 2890       4       org.jetbrains.org.objectweb.asm.ClassReader::readMethod (1047 bytes)


---------------  P R O C E S S  ---------------

Java Threads: ( => current thread )
  0x00000000160e0800 JavaThread "Service Thread" daemon [_thread_blocked, id=920, stack(0x0000000016940000,0x0000000016a40000)]
  0x0000000014d27000 JavaThread "C1 CompilerThread2" daemon [_thread_in_native, id=24628, stack(0x0000000016840000,0x0000000016940000)]
  0x0000000014d18000 JavaThread "C2 CompilerThread1" daemon [_thread_in_native, id=4024, stack(0x0000000016740000,0x0000000016840000)]
=>0x0000000016083800 JavaThread "C2 CompilerThread0" daemon [_thread_in_native, id=20964, stack(0x0000000016640000,0x0000000016740000)]
  0x0000000014d03800 JavaThread "Attach Listener" daemon [_thread_blocked, id=23872, stack(0x0000000016540000,0x0000000016640000)]
  0x0000000014d03000 JavaThread "Signal Dispatcher" daemon [_thread_blocked, id=9268, stack(0x0000000016440000,0x0000000016540000)]
  0x000000000276e000 JavaThread "Finalizer" daemon [_thread_blocked, id=4028, stack(0x0000000015f40000,0x0000000016040000)]
  0x0000000002766800 JavaThread "Reference Handler" daemon [_thread_blocked, id=8080, stack(0x0000000015e40000,0x0000000015f40000)]
  0x0000000002675800 JavaThread "main" [_thread_in_Java, id=17832, stack(0x0000000002570000,0x0000000002670000)]

Other Threads:
  0x0000000014cb7000 VMThread [stack: 0x0000000015d40000,0x0000000015e40000] [id=22580]
  0x00000000160e5800 WatcherThread [stack: 0x0000000016a40000,0x0000000016b40000] [id=22596]

VM state:not at safepoint (normal execution)

VM Mutex/Monitor currently owned by a thread: None

heap address: 0x00000000c2200000, size: 990 MB, Compressed Oops mode: 32-bit
Narrow klass base: 0x0000000000000000, Narrow klass shift: 3
Compressed class space size: 1073741824 Address: 0x0000000100000000

Heap:
 PSYoungGen      total 73216K, used 31223K [0x00000000eb600000, 0x00000000f0a80000, 0x0000000100000000)
  eden space 59904K, 52% used [0x00000000eb600000,0x00000000ed47dee8,0x00000000ef080000)
  from space 13312K, 0% used [0x00000000efd80000,0x00000000efd80000,0x00000000f0a80000)
  to   space 9216K, 0% used [0x00000000ef180000,0x00000000ef180000,0x00000000efa80000)
 ParOldGen       total 46080K, used 17208K [0x00000000c2200000, 0x00000000c4f00000, 0x00000000eb600000)
  object space 46080K, 37% used [0x00000000c2200000,0x00000000c32ce1a8,0x00000000c4f00000)
 Metaspace       used 37254K, capacity 37882K, committed 38192K, reserved 1083392K
  class space    used 4738K, capacity 4886K, committed 4912K, reserved 1048576K

Card table byte_map: [0x0000000011b30000,0x0000000011d20000] byte_map_base: 0x000000001151f000

Marking Bits: (ParMarkBitMap*) 0x000000005595f030
 Begin Bits: [0x0000000012270000, 0x00000000131e8000)
 End Bits:   [0x00000000131e8000, 0x0000000014160000)

Polling page: 0x00000000008f0000

CodeCache: size=245760Kb used=9790Kb max_used=9790Kb free=235969Kb
 bounds [0x0000000002770000, 0x0000000003110000, 0x0000000011770000]
 total_blobs=3378 nmethods=2924 adapters=367
 compilation: enabled

Compilation events (10 events):
Event: 8.303 Thread 0x0000000014d27000 2925   !   3       org.jetbrains.kotlin.metadata.ProtoBuf$Annotation$Builder::mergeFrom (60 bytes)
Event: 8.303 Thread 0x0000000014d27000 nmethod 2925 0x00000000030f60d0 code [0x00000000030f62a0, 0x00000000030f69f8]
Event: 8.303 Thread 0x0000000014d18000 2927   !   4       org.jetbrains.kotlin.metadata.ProtoBuf$Type::<init> (875 bytes)
Event: 8.303 Thread 0x0000000014d27000 2926       3       org.jetbrains.kotlin.metadata.ProtoBuf$Annotation$Builder::setId (17 bytes)
Event: 8.303 Thread 0x0000000014d27000 nmethod 2926 0x00000000030f6c90 code [0x00000000030f6de0, 0x00000000030f6f50]
Event: 8.303 Thread 0x0000000014d27000 2923       3       org.jetbrains.kotlin.metadata.ProtoBuf$Annotation$Builder::buildPartial (86 bytes)
Event: 8.304 Thread 0x0000000014d27000 nmethod 2923 0x00000000030f6fd0 code [0x00000000030f7200, 0x00000000030f7fd8]
Event: 8.304 Thread 0x0000000014d27000 2922       3       org.jetbrains.kotlin.metadata.ProtoBuf$Annotation$Builder::mergeFrom (107 bytes)
Event: 8.305 Thread 0x0000000014d27000 nmethod 2922 0x00000000030f8810 code [0x00000000030f8a00, 0x00000000030f94e8]
Event: 8.305 Thread 0x0000000014d27000 2932   !   3       org.jetbrains.kotlin.metadata.ProtoBuf$TypeParameter::<init> (662 bytes)

GC Heap History (10 events):
Event: 3.320 GC heap before
{Heap before GC invocations=6 (full 1):
 PSYoungGen      total 34304K, used 2553K [0x00000000eb600000, 0x00000000f0500000, 0x0000000100000000)
  eden space 31744K, 0% used [0x00000000eb600000,0x00000000eb600000,0x00000000ed500000)
  from space 2560K, 99% used [0x00000000ed500000,0x00000000ed77e640,0x00000000ed780000)
  to   space 8704K, 0% used [0x00000000efc80000,0x00000000efc80000,0x00000000f0500000)
 ParOldGen       total 42496K, used 16242K [0x00000000c2200000, 0x00000000c4b80000, 0x00000000eb600000)
  object space 42496K, 38% used [0x00000000c2200000,0x00000000c31dc880,0x00000000c4b80000)
 Metaspace       used 20864K, capacity 21240K, committed 21296K, reserved 1069056K
  class space    used 2447K, capacity 2590K, committed 2608K, reserved 1048576K
Event: 3.419 GC heap after
Heap after GC invocations=6 (full 1):
 PSYoungGen      total 34304K, used 0K [0x00000000eb600000, 0x00000000f0500000, 0x0000000100000000)
  eden space 31744K, 0% used [0x00000000eb600000,0x00000000eb600000,0x00000000ed500000)
  from space 2560K, 0% used [0x00000000ed500000,0x00000000ed500000,0x00000000ed780000)
  to   space 8704K, 0% used [0x00000000efc80000,0x00000000efc80000,0x00000000f0500000)
 ParOldGen       total 46080K, used 12946K [0x00000000c2200000, 0x00000000c4f00000, 0x00000000eb600000)
  object space 46080K, 28% used [0x00000000c2200000,0x00000000c2ea49a8,0x00000000c4f00000)
 Metaspace       used 20864K, capacity 21240K, committed 21296K, reserved 1069056K
  class space    used 2447K, capacity 2590K, committed 2608K, reserved 1048576K
}
Event: 5.056 GC heap before
{Heap before GC invocations=7 (full 1):
 PSYoungGen      total 34304K, used 31744K [0x00000000eb600000, 0x00000000f0500000, 0x0000000100000000)
  eden space 31744K, 100% used [0x00000000eb600000,0x00000000ed500000,0x00000000ed500000)
  from space 2560K, 0% used [0x00000000ed500000,0x00000000ed500000,0x00000000ed780000)
  to   space 8704K, 0% used [0x00000000efc80000,0x00000000efc80000,0x00000000f0500000)
 ParOldGen       total 46080K, used 12946K [0x00000000c2200000, 0x00000000c4f00000, 0x00000000eb600000)
  object space 46080K, 28% used [0x00000000c2200000,0x00000000c2ea49a8,0x00000000c4f00000)
 Metaspace       used 24861K, capacity 25362K, committed 25776K, reserved 1071104K
  class space    used 2968K, capacity 3125K, committed 3248K, reserved 1048576K
Event: 5.082 GC heap after
Heap after GC invocations=7 (full 1):
 PSYoungGen      total 50176K, used 7138K [0x00000000eb600000, 0x00000000f0380000, 0x0000000100000000)
  eden space 43008K, 0% used [0x00000000eb600000,0x00000000eb600000,0x00000000ee000000)
  from space 7168K, 99% used [0x00000000efc80000,0x00000000f0378a08,0x00000000f0380000)
  to   space 9216K, 0% used [0x00000000ef180000,0x00000000ef180000,0x00000000efa80000)
 ParOldGen       total 46080K, used 12954K [0x00000000c2200000, 0x00000000c4f00000, 0x00000000eb600000)
  object space 46080K, 28% used [0x00000000c2200000,0x00000000c2ea69a8,0x00000000c4f00000)
 Metaspace       used 24861K, capacity 25362K, committed 25776K, reserved 1071104K
  class space    used 2968K, capacity 3125K, committed 3248K, reserved 1048576K
}
Event: 6.412 GC heap before
{Heap before GC invocations=8 (full 1):
 PSYoungGen      total 50176K, used 50146K [0x00000000eb600000, 0x00000000f0380000, 0x0000000100000000)
  eden space 43008K, 100% used [0x00000000eb600000,0x00000000ee000000,0x00000000ee000000)
  from space 7168K, 99% used [0x00000000efc80000,0x00000000f0378a08,0x00000000f0380000)
  to   space 9216K, 0% used [0x00000000ef180000,0x00000000ef180000,0x00000000efa80000)
 ParOldGen       total 46080K, used 12954K [0x00000000c2200000, 0x00000000c4f00000, 0x00000000eb600000)
  object space 46080K, 28% used [0x00000000c2200000,0x00000000c2ea69a8,0x00000000c4f00000)
 Metaspace       used 31629K, capacity 32219K, committed 32432K, reserved 1077248K
  class space    used 4024K, capacity 4187K, committed 4272K, reserved 1048576K
Event: 6.446 GC heap after
Heap after GC invocations=8 (full 1):
 PSYoungGen      total 69120K, used 9208K [0x00000000eb600000, 0x00000000f0a80000, 0x0000000100000000)
  eden space 59904K, 0% used [0x00000000eb600000,0x00000000eb600000,0x00000000ef080000)
  from space 9216K, 99% used [0x00000000ef180000,0x00000000efa7e048,0x00000000efa80000)
  to   space 13312K, 0% used [0x00000000efd80000,0x00000000efd80000,0x00000000f0a80000)
 ParOldGen       total 46080K, used 18979K [0x00000000c2200000, 0x00000000c4f00000, 0x00000000eb600000)
  object space 46080K, 41% used [0x00000000c2200000,0x00000000c3488ee0,0x00000000c4f00000)
 Metaspace       used 31629K, capacity 32219K, committed 32432K, reserved 1077248K
  class space    used 4024K, capacity 4187K, committed 4272K, reserved 1048576K
}
Event: 7.258 GC heap before
{Heap before GC invocations=9 (full 1):
 PSYoungGen      total 69120K, used 23470K [0x00000000eb600000, 0x00000000f0a80000, 0x0000000100000000)
  eden space 59904K, 23% used [0x00000000eb600000,0x00000000ec3ed848,0x00000000ef080000)
  from space 9216K, 99% used [0x00000000ef180000,0x00000000efa7e048,0x00000000efa80000)
  to   space 13312K, 0% used [0x00000000efd80000,0x00000000efd80000,0x00000000f0a80000)
 ParOldGen       total 46080K, used 18979K [0x00000000c2200000, 0x00000000c4f00000, 0x00000000eb600000)
  object space 46080K, 41% used [0x00000000c2200000,0x00000000c3488ee0,0x00000000c4f00000)
 Metaspace       used 34678K, capacity 35205K, committed 35496K, reserved 1081344K
  class space    used 4439K, capacity 4580K, committed 4656K, reserved 1048576K
Event: 7.275 GC heap after
Heap after GC invocations=9 (full 1):
 PSYoungGen      total 73216K, used 11372K [0x00000000eb600000, 0x00000000f0a80000, 0x0000000100000000)
  eden space 59904K, 0% used [0x00000000eb600000,0x00000000eb600000,0x00000000ef080000)
  from space 13312K, 85% used [0x00000000efd80000,0x00000000f089b0b8,0x00000000f0a80000)
  to   space 9216K, 0% used [0x00000000ef180000,0x00000000ef180000,0x00000000efa80000)
 ParOldGen       total 46080K, used 18987K [0x00000000c2200000, 0x00000000c4f00000, 0x00000000eb600000)
  object space 46080K, 41% used [0x00000000c2200000,0x00000000c348aee0,0x00000000c4f00000)
 Metaspace       used 34678K, capacity 35205K, committed 35496K, reserved 1081344K
  class space    used 4439K, capacity 4580K, committed 4656K, reserved 1048576K
}
Event: 7.275 GC heap before
{Heap before GC invocations=10 (full 2):
 PSYoungGen      total 73216K, used 11372K [0x00000000eb600000, 0x00000000f0a80000, 0x0000000100000000)
  eden space 59904K, 0% used [0x00000000eb600000,0x00000000eb600000,0x00000000ef080000)
  from space 13312K, 85% used [0x00000000efd80000,0x00000000f089b0b8,0x00000000f0a80000)
  to   space 9216K, 0% used [0x00000000ef180000,0x00000000ef180000,0x00000000efa80000)
 ParOldGen       total 46080K, used 18987K [0x00000000c2200000, 0x00000000c4f00000, 0x00000000eb600000)
  object space 46080K, 41% used [0x00000000c2200000,0x00000000c348aee0,0x00000000c4f00000)
 Metaspace       used 34678K, capacity 35205K, committed 35496K, reserved 1081344K
  class space    used 4439K, capacity 4580K, committed 4656K, reserved 1048576K
Event: 7.388 GC heap after
Heap after GC invocations=10 (full 2):
 PSYoungGen      total 73216K, used 0K [0x00000000eb600000, 0x00000000f0a80000, 0x0000000100000000)
  eden space 59904K, 0% used [0x00000000eb600000,0x00000000eb600000,0x00000000ef080000)
  from space 13312K, 0% used [0x00000000efd80000,0x00000000efd80000,0x00000000f0a80000)
  to   space 9216K, 0% used [0x00000000ef180000,0x00000000ef180000,0x00000000efa80000)
 ParOldGen       total 46080K, used 17208K [0x00000000c2200000, 0x00000000c4f00000, 0x00000000eb600000)
  object space 46080K, 37% used [0x00000000c2200000,0x00000000c32ce1a8,0x00000000c4f00000)
 Metaspace       used 34678K, capacity 35205K, committed 35496K, reserved 1081344K
  class space    used 4439K, capacity 4580K, committed 4656K, reserved 1048576K
}

Deoptimization events (10 events):
Event: 6.963 Thread 0x0000000002675800 Uncommon trap: reason=class_check action=maybe_recompile pc=0x0000000002cceec4 method=org.jetbrains.kotlin.com.intellij.util.text.ByteArrayCharSequence.toBytesIfPossible(Ljava/lang/CharSequence;)[B @ 25
Event: 7.225 Thread 0x0000000002675800 Uncommon trap: reason=class_check action=maybe_recompile pc=0x0000000002cceec4 method=org.jetbrains.kotlin.com.intellij.util.text.ByteArrayCharSequence.toBytesIfPossible(Ljava/lang/CharSequence;)[B @ 25
Event: 7.230 Thread 0x0000000002675800 Uncommon trap: reason=class_check action=maybe_recompile pc=0x0000000002cceec4 method=org.jetbrains.kotlin.com.intellij.util.text.ByteArrayCharSequence.toBytesIfPossible(Ljava/lang/CharSequence;)[B @ 25
Event: 7.750 Thread 0x0000000002675800 Uncommon trap: reason=unstable_if action=reinterpret pc=0x0000000002f95620 method=java.text.StringCharacterIterator.current()C @ 19
Event: 8.001 Thread 0x0000000002675800 Uncommon trap: reason=bimorphic action=maybe_recompile pc=0x0000000002dce500 method=org.jetbrains.kotlin.protobuf.CodedInputStream.tryRefillBuffer(I)Z @ 177
Event: 8.007 Thread 0x0000000002675800 Uncommon trap: reason=bimorphic action=maybe_recompile pc=0x0000000002dce500 method=org.jetbrains.kotlin.protobuf.CodedInputStream.tryRefillBuffer(I)Z @ 177
Event: 8.010 Thread 0x0000000002675800 Uncommon trap: reason=bimorphic action=maybe_recompile pc=0x0000000002dce500 method=org.jetbrains.kotlin.protobuf.CodedInputStream.tryRefillBuffer(I)Z @ 177
Event: 8.024 Thread 0x0000000002675800 Uncommon trap: reason=bimorphic action=maybe_recompile pc=0x0000000002dce500 method=org.jetbrains.kotlin.protobuf.CodedInputStream.tryRefillBuffer(I)Z @ 177
Event: 8.063 Thread 0x0000000002675800 Uncommon trap: reason=unstable_if action=reinterpret pc=0x0000000002ffae60 method=org.jetbrains.org.objectweb.asm.ClassReader.readUtf(II[C)Ljava/lang/String; @ 41
Event: 8.068 Thread 0x0000000002675800 Uncommon trap: reason=unstable_if action=reinterpret pc=0x0000000002fab560 method=org.jetbrains.org.objectweb.asm.ClassReader.readUtf(II[C)Ljava/lang/String; @ 41

Classes redefined (0 events):
No events

Internal exceptions (10 events):
Event: 2.757 Thread 0x0000000002675800 Exception <a 'java/lang/NoSuchMethodError': java.lang.Object.lambda$comparing$77a9974f$1(Ljava/util/function/Function;Ljava/lang/Object;Ljava/lang/Object;)I> (0x00000000ebb60a48) thrown at [C:\src\AOSP-openjdk-git\hotspot\src\share\vm\interpreter\linkReso
Event: 2.788 Thread 0x0000000002675800 Exception <a 'java/lang/NoSuchMethodError': java.lang.Object.lambda$static$0()J> (0x00000000ebc69f00) thrown at [C:\src\AOSP-openjdk-git\hotspot\src\share\vm\interpreter\linkResolver.cpp, line 620]
Event: 3.060 Thread 0x0000000002675800 Exception <a 'java/lang/NoSuchMethodError': java.lang.Object.lambda$static$0(I)[Lorg/jetbrains/kotlin/com/intellij/openapi/editor/event/DocumentListener;> (0x00000000ec41c1a8) thrown at [C:\src\AOSP-openjdk-git\hotspot\src\share\vm\interpreter\linkResolve
Event: 3.121 Thread 0x0000000002675800 Exception <a 'java/lang/NoSuchMethodError': java.lang.Object.lambda$static$0(I)[Lorg/jetbrains/kotlin/com/intellij/psi/PsiAnnotation;> (0x00000000ec642460) thrown at [C:\src\AOSP-openjdk-git\hotspot\src\share\vm\interpreter\linkResolver.cpp, line 620]
Event: 3.435 Thread 0x0000000002675800 Exception <a 'java/lang/NoSuchMethodError': java.lang.Object.lambda$static$0(I)[Lorg/jetbrains/kotlin/com/intellij/psi/PsiElement;> (0x00000000eb627870) thrown at [C:\src\AOSP-openjdk-git\hotspot\src\share\vm\interpreter\linkResolver.cpp, line 620]
Event: 5.753 Thread 0x0000000002675800 Exception <a 'java/lang/ArrayIndexOutOfBoundsException': 126> (0x00000000ec3944a0) thrown at [C:\src\AOSP-openjdk-git\hotspot\src\share\vm\interpreter\interpreterRuntime.cpp, line 368]
Event: 5.755 Thread 0x0000000002675800 Exception <a 'java/lang/ArrayIndexOutOfBoundsException': 86> (0x00000000ec395928) thrown at [C:\src\AOSP-openjdk-git\hotspot\src\share\vm\interpreter\interpreterRuntime.cpp, line 368]
Event: 7.185 Thread 0x0000000002675800 Exception <a 'java/lang/NoSuchMethodError': java.lang.Object.lambda$static$0(I)[Lorg/jetbrains/kotlin/psi/KtExpression;> (0x00000000ec19cdc8) thrown at [C:\src\AOSP-openjdk-git\hotspot\src\share\vm\interpreter\linkResolver.cpp, line 620]
Event: 7.426 Thread 0x0000000002675800 Exception <a 'java/lang/NoSuchMethodError': java.lang.Object.lambda$static$0(I)[Lorg/jetbrains/kotlin/psi/KtDeclaration;> (0x00000000eb70a4e8) thrown at [C:\src\AOSP-openjdk-git\hotspot\src\share\vm\interpreter\linkResolver.cpp, line 620]
Event: 7.473 Thread 0x0000000002675800 Exception <a 'java/lang/NoSuchMethodError': java.lang.Object.lambda$static$0(I)[Lorg/jetbrains/kotlin/psi/KtTypeElement;> (0x00000000eb860860) thrown at [C:\src\AOSP-openjdk-git\hotspot\src\share\vm\interpreter\linkResolver.cpp, line 620]

Events (10 events):
Event: 8.198 loading class org/jetbrains/kotlin/metadata/deserialization/ProtoTypeTableUtilKt
Event: 8.198 loading class org/jetbrains/kotlin/metadata/deserialization/ProtoTypeTableUtilKt done
Event: 8.200 loading class org/jetbrains/kotlin/types/AbstractTypeConstructor$supertypes$3$2
Event: 8.200 loading class org/jetbrains/kotlin/types/AbstractTypeConstructor$supertypes$3$2 done
Event: 8.200 loading class org/jetbrains/kotlin/types/AbstractTypeConstructor$supertypes$3$3
Event: 8.200 loading class org/jetbrains/kotlin/types/AbstractTypeConstructor$supertypes$3$3 done
Event: 8.203 loading class org/jetbrains/kotlin/utils/SmartList$SingletonIterator
Event: 8.203 loading class org/jetbrains/kotlin/utils/SmartList$SingletonIterator done
Event: 8.204 loading class org/jetbrains/kotlin/utils/SmartList$SingletonIteratorBase
Event: 8.204 loading class org/jetbrains/kotlin/utils/SmartList$SingletonIteratorBase done


Dynamic libraries:
0x00007ff7e0270000 - 0x00007ff7e02a1000 	C:\Program Files\Android\Android Studio\jre\jre\bin\java.exe
0x00007ffc54280000 - 0x00007ffc54470000 	C:\WINDOWS\SYSTEM32\ntdll.dll
0x00007ffc526c0000 - 0x00007ffc52772000 	C:\WINDOWS\System32\KERNEL32.DLL
0x00007ffc51c40000 - 0x00007ffc51ee5000 	C:\WINDOWS\System32\KERNELBASE.dll
0x00007ffc52440000 - 0x00007ffc524e3000 	C:\WINDOWS\System32\ADVAPI32.dll
0x00007ffc52780000 - 0x00007ffc5281e000 	C:\WINDOWS\System32\msvcrt.dll
0x00007ffc54090000 - 0x00007ffc54127000 	C:\WINDOWS\System32\sechost.dll
0x00007ffc536a0000 - 0x00007ffc537c0000 	C:\WINDOWS\System32\RPCRT4.dll
0x00007ffc52820000 - 0x00007ffc529b5000 	C:\WINDOWS\System32\USER32.dll
0x00007ffc52280000 - 0x00007ffc522a1000 	C:\WINDOWS\System32\win32u.dll
0x00007ffc530c0000 - 0x00007ffc530e6000 	C:\WINDOWS\System32\GDI32.dll
0x00007ffc520e0000 - 0x00007ffc52276000 	C:\WINDOWS\System32\gdi32full.dll
0x00007ffc51ef0000 - 0x00007ffc51f8e000 	C:\WINDOWS\System32\msvcp_win.dll
0x00007ffc51fe0000 - 0x00007ffc520da000 	C:\WINDOWS\System32\ucrtbase.dll
0x00007ffc3eb20000 - 0x00007ffc3eda4000 	C:\WINDOWS\WinSxS\amd64_microsoft.windows.common-controls_6595b64144ccf1df_6.0.18362.1082_none_9e8193e1e45b25c1\COMCTL32.dll
0x00007ffc53330000 - 0x00007ffc53665000 	C:\WINDOWS\System32\combase.dll
0x00007ffc522b0000 - 0x00007ffc52330000 	C:\WINDOWS\System32\bcryptPrimitives.dll
0x00007ffc53670000 - 0x00007ffc5369e000 	C:\WINDOWS\System32\IMM32.DLL
0x00000000569f0000 - 0x0000000056ac2000 	C:\Program Files\Android\Android Studio\jre\jre\bin\msvcr100.dll
0x0000000055190000 - 0x00000000559db000 	C:\Program Files\Android\Android Studio\jre\jre\bin\server\jvm.dll
0x00007ffc54000000 - 0x00007ffc54008000 	C:\WINDOWS\System32\PSAPI.DLL
0x00007ffc49a40000 - 0x00007ffc49a4a000 	C:\WINDOWS\SYSTEM32\VERSION.dll
0x00007ffc400b0000 - 0x00007ffc400b9000 	C:\WINDOWS\SYSTEM32\WSOCK32.dll
0x00007ffc532b0000 - 0x00007ffc5331f000 	C:\WINDOWS\System32\WS2_32.dll
0x00007ffc4eb20000 - 0x00007ffc4eb44000 	C:\WINDOWS\SYSTEM32\WINMM.dll
0x00007ffc4eaf0000 - 0x00007ffc4eb1d000 	C:\WINDOWS\SYSTEM32\winmmbase.dll
0x00007ffc51f90000 - 0x00007ffc51fda000 	C:\WINDOWS\System32\cfgmgr32.dll
0x00007ffc41c40000 - 0x00007ffc41c4f000 	C:\Program Files\Android\Android Studio\jre\jre\bin\verify.dll
0x00007ffc39270000 - 0x00007ffc39299000 	C:\Program Files\Android\Android Studio\jre\jre\bin\java.dll
0x00007ffc3a0f0000 - 0x00007ffc3a106000 	C:\Program Files\Android\Android Studio\jre\jre\bin\zip.dll
0x00007ffc53890000 - 0x00007ffc53f77000 	C:\WINDOWS\System32\SHELL32.dll
0x00007ffc52390000 - 0x00007ffc52439000 	C:\WINDOWS\System32\shcore.dll
0x00007ffc512e0000 - 0x00007ffc51a60000 	C:\WINDOWS\System32\windows.storage.dll
0x00007ffc511e0000 - 0x00007ffc51203000 	C:\WINDOWS\System32\profapi.dll
0x00007ffc51170000 - 0x00007ffc511ba000 	C:\WINDOWS\System32\powrprof.dll
0x00007ffc51140000 - 0x00007ffc51150000 	C:\WINDOWS\System32\UMPDC.dll
0x00007ffc52330000 - 0x00007ffc52382000 	C:\WINDOWS\System32\shlwapi.dll
0x00007ffc51150000 - 0x00007ffc51161000 	C:\WINDOWS\System32\kernel.appcore.dll
0x00007ffc51210000 - 0x00007ffc51227000 	C:\WINDOWS\System32\cryptsp.dll
0x00007ffc391d0000 - 0x00007ffc391ea000 	C:\Program Files\Android\Android Studio\jre\jre\bin\net.dll
0x00007ffc50930000 - 0x00007ffc50997000 	C:\WINDOWS\system32\mswsock.dll
0x00007ffc38fe0000 - 0x00007ffc38ff3000 	C:\Program Files\Android\Android Studio\jre\jre\bin\nio.dll

VM Arguments:
java_command: org.jetbrains.kotlin.cli.jvm.K2JVMCompiler -Xallow-no-source-files -classpath C:\Users\Public\MyApplication\app\build\intermediates\compile_and_runtime_not_namespaced_r_class_jar\debug\R.jar;C:\Users\다비니PC\.gradle\caches\transforms-2\files-2.1\3e8dc1072b3dc6d06f94c550fe8429a6\jetified-kotlin-android-extensions-runtime-1.3.72.jar;C:\Users\다비니PC\.gradle\caches\transforms-2\files-2.1\edaef255ae3ef092003a6bdef3bdeb0b\jetified-core-ktx-1.1.0-api.jar;C:\Users\다비니PC\.gradle\caches\transforms-2\files-2.1\b87f47617c59ac9ee181a007f480e53f\jetified-kotlin-stdlib-1.3.72.jar;C:\Users\다비니PC\.gradle\caches\transforms-2\files-2.1\481f4a34bee68d86b8ce8774eb15d925\jetified-kotlin-stdlib-common-1.3.72.jar;C:\Users\다비니PC\.gradle\caches\transforms-2\files-2.1\8d2026e1436f86ed1258cdda39e32916\jetified-annotations-13.0.jar;C:\Users\다비니PC\.gradle\caches\transforms-2\files-2.1\e061e2c4521957a6a0da5f950366671c\constraintlayout-2.0.1-api.jar;C:\Users\다비니PC\.gradle\caches\transforms-2\files-2.1\3d8ac964eba6dce9809569581de82f9d\appcompat-1.2.0-api.jar;C:\Users\다비니PC\.gradle\caches\transforms-2\files-2.1\c4417d818a733e73a41458470f86b9be\fragment-1.1.0-api.jar;C:\Users\다비니PC\.gradle\caches\transforms-2\files-2.1\c28b01757a07ac6fb4508d3179bd4d90\jetified-appcompat-resources-1.2.0-api.jar;C:\Users\다비니PC\.gradle\caches\transforms-2\files-2.1\4c8ff528696f7b6e27953e8d6eeb01a9\drawerlayout-1.0.0-api.jar;C:\Users\다비니PC\.gradle\caches\transforms-2\files-2.1\a93c93c702050f703c78764de0b113e8\viewpager-1.0.0-api.jar;C:\Users\다비니PC\.gradle\caches\transforms-2\files-2.1\7df8f94dfe2872df3e5d3da266742398\loader-1.0.0-api.jar;C:\Users\다비니PC\.gradle\caches\transforms-2\files-2.1\333aea6011630b1791363616251d4039\jetified-activity-1.0.0-api.jar;C:\Users\다비니PC\.gradle\caches\transforms-2\files-2.1\9bb80f26171acae195bade97293151c9\vectordrawable-animated-1.1.0-api.jar;C:\Users\다비니PC\.gradle\caches\transforms-2\files-2.1\f1ec0feb275f3ee75c8446afd4ec38f1\vect
java_class_path (initial): C:\Users\다비니PC\.gradle\caches\modules-2\files-2.1\org.jetbrains.kotlin\kotlin-compiler-embeddable\1.3.72\fb72232c8fa977d5e07d33c43381ddbdc5edab6\kotlin-compiler-embeddable-1.3.72.jar;C:\Users\다비니PC\.gradle\caches\modules-2\files-2.1\org.jetbrains.kotlin\kotlin-reflect\1.3.72\86613e1a669a701b0c660bfd2af4f82a7ae11fca\kotlin-reflect-1.3.72.jar;C:\Users\다비니PC\.gradle\caches\modules-2\files-2.1\org.jetbrains.kotlin\kotlin-stdlib\1.3.72\8032138f12c0180bc4e51fe139d4c52b46db6109\kotlin-stdlib-1.3.72.jar;C:\Users\다비니PC\.gradle\caches\modules-2\files-2.1\org.jetbrains.kotlin\kotlin-script-runtime\1.3.72\657d8d34d91e1964b4439378c09933e840bfe8d5\kotlin-script-runtime-1.3.72.jar;C:\Users\다비니PC\.gradle\caches\modules-2\files-2.1\org.jetbrains.kotlin\kotlin-daemon-embeddable\1.3.72\53bbaa2816dbf6bdb85f629451b1fcc88f2164d2\kotlin-daemon-embeddable-1.3.72.jar;C:\Users\다비니PC\.gradle\caches\modules-2\files-2.1\org.jetbrains.intellij.deps\trove4j\1.0.20181211\216c2e14b070f334479d800987affe4054cd563f\trove4j-1.0.20181211.jar;C:\Users\다비니PC\.gradle\caches\modules-2\files-2.1\org.jetbrains.kotlin\kotlin-stdlib-common\1.3.72\6ca8bee3d88957eaaaef077c41c908c9940492d8\kotlin-stdlib-common-1.3.72.jar;C:\Users\다비니PC\.gradle\caches\modules-2\files-2.1\org.jetbrains\annotations\13.0\919f0dfe192fb4e063e7dacadee7f8bb9a2672a9\annotations-13.0.jar;C:\Program Files\Android\Android Studio\jre\lib\tools.jar
Launcher Type: SUN_STANDARD

Environment Variables:
JAVA_HOME=C:\Program Files\Java\jdk-12.0.2
CLASSPATH=%classpath%;.
PATH=C:\Program Files (x86)\Common Files\Oracle\Java\javapath;C:\ProgramData\Oracle\Java\javapath;C:\WINDOWS\system32;C:\WINDOWS;C:\WINDOWS\System32\Wbem;C:\WINDOWS\System32\WindowsPowerShell\v1.0\;C:\Program Files (x86)\GtkSharp\2.12\bin;C:\Program Files (x86)\Skype\Phone\;C:\WINDOWS\System32\OpenSSH\;C:\Program Files\Microsoft SQL Server\130\Tools\Binn\;C:\Users\다비니PC\.dnx\bin;C:\Program Files\Microsoft DNX\Dnvm\;C:\Program Files (x86)\Windows Kits\8.1\Windows Performance Toolkit\;C:\Program Files\Java\jdk-12.0.2\bin;C:\Program Files\Git\cmd;C:\Program Files\MySQL\MySQL Server 8.0\bin;C:\Program Files\MySQL\MySQL Shell 8.0\bin\;C:\Users\다비니PC\AppData\Local\Programs\Python\Python36-32\Scripts\;C:\Users\다비니PC\AppData\Local\Programs\Python\Python36-32\;C:\Users\다비니PC\AppData\Local\Microsoft\WindowsApps;C:\Program Files\Bandizip\;
USERNAME=다비니PC
OS=Windows_NT
PROCESSOR_IDENTIFIER=Intel64 Family 6 Model 142 Stepping 9, GenuineIntel



---------------  S Y S T E M  ---------------

OS: Windows 10.0 , 64 bit Build 18362 (10.0.18362.1082)

CPU:total 4 (initial active 4) (2 cores per cpu, 2 threads per core) family 6 model 142 stepping 9, cmov, cx8, fxsr, mmx, sse, sse2, sse3, ssse3, sse4.1, sse4.2, popcnt, avx, avx2, aes, clmul, erms, 3dnowpref, lzcnt, ht, tsc, tscinvbit, bmi1, bmi2, adx

Memory: 4k page, physical 4050056k(264780k free), swap 16632968k(4k free)

vm_info: OpenJDK 64-Bit Server VM (25.242-b01) for windows-amd64 JRE (1.8.0_242-release-1644-b01), built by "builder" with MS VC++ 10.0 (VS2010)

time: Wed Oct 14 19:04:33 2020
timezone: 대한민국 표준시
elapsed time: 8 seconds (0d 0h 0m 8s)

