#
# There is insufficient memory for the Java Runtime Environment to continue.
# Native memory allocation (malloc) failed to allocate 729136 bytes for Chunk::new
# Possible reasons:
#   The system is out of physical RAM or swap space
#   The process is running with CompressedOops enabled, and the Java Heap may be blocking the growth of the native heap
# Possible solutions:
#   Reduce memory load on the system
#   Increase physical memory or swap space
#   Check if swap backing store is full
#   Decrease Java heap size (-Xmx/-Xms)
#   Decrease number of Java threads
#   Decrease Java thread stack sizes (-Xss)
#   Set larger code cache with -XX:ReservedCodeCacheSize=
#   JVM is running with Unscaled Compressed Oops mode in which the Java heap is
#     placed in the first 4GB address space. The Java Heap base address is the
#     maximum limit for the native heap growth. Please use -XX:HeapBaseMinAddress
#     to set the Java Heap base and to place the Java Heap above 4GB virtual address.
# This output file may be truncated or incomplete.
#
#  Out of Memory Error (allocation.cpp:389), pid=12592, tid=0x00000000000004d0
#
# JRE version: OpenJDK Runtime Environment (8.0_242-b01) (build 1.8.0_242-release-1644-b01)
# Java VM: OpenJDK 64-Bit Server VM (25.242-b01 mixed mode windows-amd64 compressed oops)
# Failed to write core dump. Minidumps are not enabled by default on client versions of Windows
#

---------------  T H R E A D  ---------------

Current thread (0x0000000016707800):  JavaThread "C2 CompilerThread1" daemon [_thread_in_native, id=1232, stack(0x0000000016dc0000,0x0000000016ec0000)]

Stack: [0x0000000016dc0000,0x0000000016ec0000]
[error occurred during error reporting (printing stack bounds), id 0xc0000005]

Native frames: (J=compiled Java code, j=interpreted, Vv=VM code, C=native code)


Current CompileTask:
C2:   8627 2898       4       org.jetbrains.org.objectweb.asm.ClassReader::readMethod (1047 bytes)


---------------  P R O C E S S  ---------------

Java Threads: ( => current thread )
  0x0000000016728000 JavaThread "Service Thread" daemon [_thread_blocked, id=24252, stack(0x0000000016fc0000,0x00000000170c0000)]
  0x0000000016722000 JavaThread "C1 CompilerThread2" daemon [_thread_in_vm, id=22828, stack(0x0000000016ec0000,0x0000000016fc0000)]
=>0x0000000016707800 JavaThread "C2 CompilerThread1" daemon [_thread_in_native, id=1232, stack(0x0000000016dc0000,0x0000000016ec0000)]
  0x0000000016703800 JavaThread "C2 CompilerThread0" daemon [_thread_in_native, id=13428, stack(0x0000000016cc0000,0x0000000016dc0000)]
  0x0000000015364000 JavaThread "Attach Listener" daemon [_thread_blocked, id=22996, stack(0x0000000016bc0000,0x0000000016cc0000)]
  0x0000000015363000 JavaThread "Signal Dispatcher" daemon [_thread_blocked, id=25152, stack(0x0000000016ac0000,0x0000000016bc0000)]
  0x000000001533c000 JavaThread "Finalizer" daemon [_thread_blocked, id=10580, stack(0x00000000165c0000,0x00000000166c0000)]
  0x0000000015339000 JavaThread "Reference Handler" daemon [_thread_blocked, id=15620, stack(0x00000000164c0000,0x00000000165c0000)]
  0x0000000002cd5800 JavaThread "main" [_thread_in_Java, id=2592, stack(0x0000000002bd0000,0x0000000002cd0000)]

Other Threads:
  0x0000000015317000 VMThread [stack: 0x00000000163c0000,0x00000000164c0000] [id=14388]
  0x0000000016729800 WatcherThread [stack: 0x00000000170c0000,0x00000000171c0000] [id=12752]

VM state:not at safepoint (normal execution)

VM Mutex/Monitor currently owned by a thread: None

heap address: 0x00000000c2200000, size: 990 MB, Compressed Oops mode: 32-bit
Narrow klass base: 0x0000000000000000, Narrow klass shift: 3
Compressed class space size: 1073741824 Address: 0x0000000100000000

Heap:
 PSYoungGen      total 74752K, used 31400K [0x00000000eb600000, 0x00000000f2b00000, 0x0000000100000000)
  eden space 60928K, 51% used [0x00000000eb600000,0x00000000ed4aa0d0,0x00000000ef180000)
  from space 13824K, 0% used [0x00000000eff80000,0x00000000eff80000,0x00000000f0d00000)
  to   space 14336K, 0% used [0x00000000ef180000,0x00000000ef180000,0x00000000eff80000)
 ParOldGen       total 64512K, used 16462K [0x00000000c2200000, 0x00000000c6100000, 0x00000000eb600000)
  object space 64512K, 25% used [0x00000000c2200000,0x00000000c3213b60,0x00000000c6100000)
 Metaspace       used 37226K, capacity 37818K, committed 38192K, reserved 1083392K
  class space    used 4736K, capacity 4886K, committed 4912K, reserved 1048576K

Card table byte_map: [0x0000000012190000,0x0000000012380000] byte_map_base: 0x0000000011b7f000

Marking Bits: (ParMarkBitMap*) 0x000000005595f030
 Begin Bits: [0x00000000128d0000, 0x0000000013848000)
 End Bits:   [0x0000000013848000, 0x00000000147c0000)

Polling page: 0x0000000000b70000

CodeCache: size=245760Kb used=9386Kb max_used=9386Kb free=236373Kb
 bounds [0x0000000002dd0000, 0x0000000003710000, 0x0000000011dd0000]
 total_blobs=3386 nmethods=2932 adapters=367
 compilation: enabled

Compilation events (10 events):
Event: 8.618 Thread 0x0000000016722000 nmethod 2942 0x00000000036f8690 code [0x00000000036f8800, 0x00000000036f8a48]
Event: 8.618 Thread 0x0000000016722000 2938       3       org.jetbrains.kotlin.metadata.ProtoBuf$Annotation::newBuilder (4 bytes)
Event: 8.618 Thread 0x0000000016722000 nmethod 2938 0x00000000036f8b50 code [0x00000000036f8ce0, 0x00000000036f9190]
Event: 8.620 Thread 0x0000000016722000 2944       3       org.jetbrains.kotlin.protobuf.CodedInputStream::readRawVarint64 (305 bytes)
Event: 8.621 Thread 0x0000000016722000 nmethod 2944 0x00000000036f9410 code [0x00000000036f95c0, 0x00000000036f9e28]
Event: 8.621 Thread 0x0000000016722000 2945   !   3       org.jetbrains.kotlin.metadata.jvm.JvmProtoBuf$JvmMethodSignature::<init> (286 bytes)
Event: 8.624 Thread 0x0000000016722000 nmethod 2945 0x00000000036fa090 code [0x00000000036fa440, 0x00000000036fcca8]
Event: 8.624 Thread 0x0000000016722000 2954   !   3       org.jetbrains.kotlin.metadata.ProtoBuf$Annotation$Builder::mergeFrom (60 bytes)
Event: 8.625 Thread 0x0000000016722000 nmethod 2954 0x00000000036fe190 code [0x00000000036fe360, 0x00000000036feab8]
Event: 8.625 Thread 0x0000000016722000 2957       3       org.jetbrains.kotlin.metadata.ProtoBuf$Annotation$Builder::mergeFrom (107 bytes)

GC Heap History (10 events):
Event: 3.622 GC heap before
{Heap before GC invocations=6 (full 1):
 PSYoungGen      total 34304K, used 2553K [0x00000000eb600000, 0x00000000f0500000, 0x0000000100000000)
  eden space 31744K, 0% used [0x00000000eb600000,0x00000000eb600000,0x00000000ed500000)
  from space 2560K, 99% used [0x00000000ed500000,0x00000000ed77e640,0x00000000ed780000)
  to   space 8704K, 0% used [0x00000000efc80000,0x00000000efc80000,0x00000000f0500000)
 ParOldGen       total 42496K, used 16274K [0x00000000c2200000, 0x00000000c4b80000, 0x00000000eb600000)
  object space 42496K, 38% used [0x00000000c2200000,0x00000000c31e49c0,0x00000000c4b80000)
 Metaspace       used 20868K, capacity 21236K, committed 21296K, reserved 1069056K
  class space    used 2447K, capacity 2590K, committed 2608K, reserved 1048576K
Event: 3.698 GC heap after
Heap after GC invocations=6 (full 1):
 PSYoungGen      total 34304K, used 0K [0x00000000eb600000, 0x00000000f0500000, 0x0000000100000000)
  eden space 31744K, 0% used [0x00000000eb600000,0x00000000eb600000,0x00000000ed500000)
  from space 2560K, 0% used [0x00000000ed500000,0x00000000ed500000,0x00000000ed780000)
  to   space 8704K, 0% used [0x00000000efc80000,0x00000000efc80000,0x00000000f0500000)
 ParOldGen       total 41984K, used 10008K [0x00000000c2200000, 0x00000000c4b00000, 0x00000000eb600000)
  object space 41984K, 23% used [0x00000000c2200000,0x00000000c2bc60d0,0x00000000c4b00000)
 Metaspace       used 20868K, capacity 21236K, committed 21296K, reserved 1069056K
  class space    used 2447K, capacity 2590K, committed 2608K, reserved 1048576K
}
Event: 4.824 GC heap before
{Heap before GC invocations=7 (full 1):
 PSYoungGen      total 34304K, used 31744K [0x00000000eb600000, 0x00000000f0500000, 0x0000000100000000)
  eden space 31744K, 100% used [0x00000000eb600000,0x00000000ed500000,0x00000000ed500000)
  from space 2560K, 0% used [0x00000000ed500000,0x00000000ed500000,0x00000000ed780000)
  to   space 8704K, 0% used [0x00000000efc80000,0x00000000efc80000,0x00000000f0500000)
 ParOldGen       total 41984K, used 10008K [0x00000000c2200000, 0x00000000c4b00000, 0x00000000eb600000)
  object space 41984K, 23% used [0x00000000c2200000,0x00000000c2bc60d0,0x00000000c4b00000)
 Metaspace       used 24918K, capacity 25426K, committed 25776K, reserved 1071104K
  class space    used 2972K, capacity 3125K, committed 3248K, reserved 1048576K
Event: 4.838 GC heap after
Heap after GC invocations=7 (full 1):
 PSYoungGen      total 52224K, used 7375K [0x00000000eb600000, 0x00000000f0400000, 0x0000000100000000)
  eden space 44544K, 0% used [0x00000000eb600000,0x00000000eb600000,0x00000000ee180000)
  from space 7680K, 96% used [0x00000000efc80000,0x00000000f03b3d38,0x00000000f0400000)
  to   space 9216K, 0% used [0x00000000ef200000,0x00000000ef200000,0x00000000efb00000)
 ParOldGen       total 41984K, used 10016K [0x00000000c2200000, 0x00000000c4b00000, 0x00000000eb600000)
  object space 41984K, 23% used [0x00000000c2200000,0x00000000c2bc80d0,0x00000000c4b00000)
 Metaspace       used 24918K, capacity 25426K, committed 25776K, reserved 1071104K
  class space    used 2972K, capacity 3125K, committed 3248K, reserved 1048576K
}
Event: 7.432 GC heap before
{Heap before GC invocations=8 (full 1):
 PSYoungGen      total 52224K, used 51919K [0x00000000eb600000, 0x00000000f0400000, 0x0000000100000000)
  eden space 44544K, 100% used [0x00000000eb600000,0x00000000ee180000,0x00000000ee180000)
  from space 7680K, 96% used [0x00000000efc80000,0x00000000f03b3d38,0x00000000f0400000)
  to   space 9216K, 0% used [0x00000000ef200000,0x00000000ef200000,0x00000000efb00000)
 ParOldGen       total 41984K, used 10016K [0x00000000c2200000, 0x00000000c4b00000, 0x00000000eb600000)
  object space 41984K, 23% used [0x00000000c2200000,0x00000000c2bc80d0,0x00000000c4b00000)
 Metaspace       used 32354K, capacity 32955K, committed 33328K, reserved 1079296K
  class space    used 4102K, capacity 4283K, committed 4400K, reserved 1048576K
Event: 7.453 GC heap after
Heap after GC invocations=8 (full 1):
 PSYoungGen      total 70656K, used 9207K [0x00000000eb600000, 0x00000000f0d00000, 0x0000000100000000)
  eden space 61440K, 0% used [0x00000000eb600000,0x00000000eb600000,0x00000000ef200000)
  from space 9216K, 99% used [0x00000000ef200000,0x00000000efafdc00,0x00000000efb00000)
  to   space 13824K, 0% used [0x00000000eff80000,0x00000000eff80000,0x00000000f0d00000)
 ParOldGen       total 41984K, used 16644K [0x00000000c2200000, 0x00000000c4b00000, 0x00000000eb600000)
  object space 41984K, 39% used [0x00000000c2200000,0x00000000c32412b8,0x00000000c4b00000)
 Metaspace       used 32354K, capacity 32955K, committed 33328K, reserved 1079296K
  class space    used 4102K, capacity 4283K, committed 4400K, reserved 1048576K
}
Event: 7.784 GC heap before
{Heap before GC invocations=9 (full 1):
 PSYoungGen      total 70656K, used 18989K [0x00000000eb600000, 0x00000000f0d00000, 0x0000000100000000)
  eden space 61440K, 15% used [0x00000000eb600000,0x00000000ebf8dae0,0x00000000ef200000)
  from space 9216K, 99% used [0x00000000ef200000,0x00000000efafdc00,0x00000000efb00000)
  to   space 13824K, 0% used [0x00000000eff80000,0x00000000eff80000,0x00000000f0d00000)
 ParOldGen       total 41984K, used 16644K [0x00000000c2200000, 0x00000000c4b00000, 0x00000000eb600000)
  object space 41984K, 39% used [0x00000000c2200000,0x00000000c32412b8,0x00000000c4b00000)
 Metaspace       used 34675K, capacity 35205K, committed 35496K, reserved 1081344K
  class space    used 4439K, capacity 4580K, committed 4656K, reserved 1048576K
Event: 7.797 GC heap after
Heap after GC invocations=9 (full 1):
 PSYoungGen      total 74752K, used 10630K [0x00000000eb600000, 0x00000000f2b00000, 0x0000000100000000)
  eden space 60928K, 0% used [0x00000000eb600000,0x00000000eb600000,0x00000000ef180000)
  from space 13824K, 76% used [0x00000000eff80000,0x00000000f09e1aa8,0x00000000f0d00000)
  to   space 14336K, 0% used [0x00000000ef180000,0x00000000ef180000,0x00000000eff80000)
 ParOldGen       total 41984K, used 16652K [0x00000000c2200000, 0x00000000c4b00000, 0x00000000eb600000)
  object space 41984K, 39% used [0x00000000c2200000,0x00000000c32432b8,0x00000000c4b00000)
 Metaspace       used 34675K, capacity 35205K, committed 35496K, reserved 1081344K
  class space    used 4439K, capacity 4580K, committed 4656K, reserved 1048576K
}
Event: 7.797 GC heap before
{Heap before GC invocations=10 (full 2):
 PSYoungGen      total 74752K, used 10630K [0x00000000eb600000, 0x00000000f2b00000, 0x0000000100000000)
  eden space 60928K, 0% used [0x00000000eb600000,0x00000000eb600000,0x00000000ef180000)
  from space 13824K, 76% used [0x00000000eff80000,0x00000000f09e1aa8,0x00000000f0d00000)
  to   space 14336K, 0% used [0x00000000ef180000,0x00000000ef180000,0x00000000eff80000)
 ParOldGen       total 41984K, used 16652K [0x00000000c2200000, 0x00000000c4b00000, 0x00000000eb600000)
  object space 41984K, 39% used [0x00000000c2200000,0x00000000c32432b8,0x00000000c4b00000)
 Metaspace       used 34675K, capacity 35205K, committed 35496K, reserved 1081344K
  class space    used 4439K, capacity 4580K, committed 4656K, reserved 1048576K
Event: 7.907 GC heap after
Heap after GC invocations=10 (full 2):
 PSYoungGen      total 74752K, used 0K [0x00000000eb600000, 0x00000000f2b00000, 0x0000000100000000)
  eden space 60928K, 0% used [0x00000000eb600000,0x00000000eb600000,0x00000000ef180000)
  from space 13824K, 0% used [0x00000000eff80000,0x00000000eff80000,0x00000000f0d00000)
  to   space 14336K, 0% used [0x00000000ef180000,0x00000000ef180000,0x00000000eff80000)
 ParOldGen       total 64512K, used 16462K [0x00000000c2200000, 0x00000000c6100000, 0x00000000eb600000)
  object space 64512K, 25% used [0x00000000c2200000,0x00000000c3213b60,0x00000000c6100000)
 Metaspace       used 34675K, capacity 35205K, committed 35496K, reserved 1081344K
  class space    used 4439K, capacity 4580K, committed 4656K, reserved 1048576K
}

Deoptimization events (10 events):
Event: 8.335 Thread 0x0000000002cd5800 Uncommon trap: reason=bimorphic action=maybe_recompile pc=0x00000000033cfb00 method=org.jetbrains.kotlin.protobuf.CodedInputStream.tryRefillBuffer(I)Z @ 177
Event: 8.337 Thread 0x0000000002cd5800 Uncommon trap: reason=bimorphic action=maybe_recompile pc=0x00000000033cfb00 method=org.jetbrains.kotlin.protobuf.CodedInputStream.tryRefillBuffer(I)Z @ 177
Event: 8.343 Thread 0x0000000002cd5800 Uncommon trap: reason=bimorphic action=maybe_recompile pc=0x00000000033cfb00 method=org.jetbrains.kotlin.protobuf.CodedInputStream.tryRefillBuffer(I)Z @ 177
Event: 8.352 Thread 0x0000000002cd5800 Uncommon trap: reason=unstable_if action=reinterpret pc=0x00000000035f9fa0 method=org.jetbrains.org.objectweb.asm.ClassReader.readUtf(II[C)Ljava/lang/String; @ 41
Event: 8.354 Thread 0x0000000002cd5800 Uncommon trap: reason=unstable_if action=reinterpret pc=0x00000000035b0720 method=org.jetbrains.org.objectweb.asm.ClassReader.readUtf(II[C)Ljava/lang/String; @ 41
Event: 8.393 Thread 0x0000000002cd5800 Uncommon trap: reason=bimorphic action=maybe_recompile pc=0x00000000033cd360 method=org.jetbrains.kotlin.protobuf.CodedInputStream.tryRefillBuffer(I)Z @ 177
Event: 8.464 Thread 0x0000000002cd5800 Uncommon trap: reason=class_check action=maybe_recompile pc=0x000000000364c3bc method=org.jetbrains.kotlin.load.java.structure.impl.classFiles.BinaryClassSignatureParser.parseParameterizedClassRefSignature(Ljava/text/CharacterIterator;Lorg/jetbrains/kotli
Event: 8.492 Thread 0x0000000002cd5800 Uncommon trap: reason=class_check action=maybe_recompile pc=0x000000000364c3bc method=org.jetbrains.kotlin.load.java.structure.impl.classFiles.BinaryClassSignatureParser.parseParameterizedClassRefSignature(Ljava/text/CharacterIterator;Lorg/jetbrains/kotli
Event: 8.492 Thread 0x0000000002cd5800 Uncommon trap: reason=class_check action=maybe_recompile pc=0x000000000364c3bc method=org.jetbrains.kotlin.load.java.structure.impl.classFiles.BinaryClassSignatureParser.parseParameterizedClassRefSignature(Ljava/text/CharacterIterator;Lorg/jetbrains/kotli
Event: 8.497 Thread 0x0000000002cd5800 Uncommon trap: reason=class_check action=maybe_recompile pc=0x000000000364c3bc method=org.jetbrains.kotlin.load.java.structure.impl.classFiles.BinaryClassSignatureParser.parseParameterizedClassRefSignature(Ljava/text/CharacterIterator;Lorg/jetbrains/kotli

Classes redefined (0 events):
No events

Internal exceptions (10 events):
Event: 2.943 Thread 0x0000000002cd5800 Exception <a 'java/lang/NoSuchMethodError': java.lang.Object.lambda$comparing$77a9974f$1(Ljava/util/function/Function;Ljava/lang/Object;Ljava/lang/Object;)I> (0x00000000ebb630a0) thrown at [C:\src\AOSP-openjdk-git\hotspot\src\share\vm\interpreter\linkReso
Event: 2.984 Thread 0x0000000002cd5800 Exception <a 'java/lang/NoSuchMethodError': java.lang.Object.lambda$static$0()J> (0x00000000ebc6c798) thrown at [C:\src\AOSP-openjdk-git\hotspot\src\share\vm\interpreter\linkResolver.cpp, line 620]
Event: 3.295 Thread 0x0000000002cd5800 Exception <a 'java/lang/NoSuchMethodError': java.lang.Object.lambda$static$0(I)[Lorg/jetbrains/kotlin/com/intellij/openapi/editor/event/DocumentListener;> (0x00000000ec41f068) thrown at [C:\src\AOSP-openjdk-git\hotspot\src\share\vm\interpreter\linkResolve
Event: 3.385 Thread 0x0000000002cd5800 Exception <a 'java/lang/NoSuchMethodError': java.lang.Object.lambda$static$0(I)[Lorg/jetbrains/kotlin/com/intellij/psi/PsiAnnotation;> (0x00000000ec645a50) thrown at [C:\src\AOSP-openjdk-git\hotspot\src\share\vm\interpreter\linkResolver.cpp, line 620]
Event: 3.707 Thread 0x0000000002cd5800 Exception <a 'java/lang/NoSuchMethodError': java.lang.Object.lambda$static$0(I)[Lorg/jetbrains/kotlin/com/intellij/psi/PsiElement;> (0x00000000eb61e378) thrown at [C:\src\AOSP-openjdk-git\hotspot\src\share\vm\interpreter\linkResolver.cpp, line 620]
Event: 5.529 Thread 0x0000000002cd5800 Exception <a 'java/lang/ArrayIndexOutOfBoundsException': 126> (0x00000000ec1afbf8) thrown at [C:\src\AOSP-openjdk-git\hotspot\src\share\vm\interpreter\interpreterRuntime.cpp, line 368]
Event: 5.532 Thread 0x0000000002cd5800 Exception <a 'java/lang/ArrayIndexOutOfBoundsException': 86> (0x00000000ec1b1080) thrown at [C:\src\AOSP-openjdk-git\hotspot\src\share\vm\interpreter\interpreterRuntime.cpp, line 368]
Event: 7.731 Thread 0x0000000002cd5800 Exception <a 'java/lang/NoSuchMethodError': java.lang.Object.lambda$static$0(I)[Lorg/jetbrains/kotlin/psi/KtExpression;> (0x00000000ebd45228) thrown at [C:\src\AOSP-openjdk-git\hotspot\src\share\vm\interpreter\linkResolver.cpp, line 620]
Event: 7.944 Thread 0x0000000002cd5800 Exception <a 'java/lang/NoSuchMethodError': java.lang.Object.lambda$static$0(I)[Lorg/jetbrains/kotlin/psi/KtDeclaration;> (0x00000000eb7193f0) thrown at [C:\src\AOSP-openjdk-git\hotspot\src\share\vm\interpreter\linkResolver.cpp, line 620]
Event: 7.988 Thread 0x0000000002cd5800 Exception <a 'java/lang/NoSuchMethodError': java.lang.Object.lambda$static$0(I)[Lorg/jetbrains/kotlin/psi/KtTypeElement;> (0x00000000eb86e800) thrown at [C:\src\AOSP-openjdk-git\hotspot\src\share\vm\interpreter\linkResolver.cpp, line 620]

Events (10 events):
Event: 8.464 Thread 0x0000000002cd5800 DEOPT UNPACKING pc=0x0000000002e1557b sp=0x0000000002cc94f8 mode 2
Event: 8.492 Thread 0x0000000002cd5800 Uncommon trap: trap_request=0xffffffde fr.pc=0x000000000364c3bc
Event: 8.492 Thread 0x0000000002cd5800 DEOPT PACKING pc=0x000000000364c3bc sp=0x0000000002ccab40
Event: 8.492 Thread 0x0000000002cd5800 DEOPT UNPACKING pc=0x0000000002e1557b sp=0x0000000002ccaae8 mode 2
Event: 8.492 Thread 0x0000000002cd5800 Uncommon trap: trap_request=0xffffffde fr.pc=0x000000000364c3bc
Event: 8.492 Thread 0x0000000002cd5800 DEOPT PACKING pc=0x000000000364c3bc sp=0x0000000002ccab40
Event: 8.492 Thread 0x0000000002cd5800 DEOPT UNPACKING pc=0x0000000002e1557b sp=0x0000000002ccaae8 mode 2
Event: 8.497 Thread 0x0000000002cd5800 Uncommon trap: trap_request=0xffffffde fr.pc=0x000000000364c3bc
Event: 8.497 Thread 0x0000000002cd5800 DEOPT PACKING pc=0x000000000364c3bc sp=0x0000000002ccb290
Event: 8.497 Thread 0x0000000002cd5800 DEOPT UNPACKING pc=0x0000000002e1557b sp=0x0000000002ccb238 mode 2


Dynamic libraries:
0x00007ff70d960000 - 0x00007ff70d991000 	C:\Program Files\Android\Android Studio\jre\jre\bin\java.exe
0x00007ffc54280000 - 0x00007ffc54470000 	C:\WINDOWS\SYSTEM32\ntdll.dll
0x00007ffc526c0000 - 0x00007ffc52772000 	C:\WINDOWS\System32\KERNEL32.DLL
0x00007ffc51c40000 - 0x00007ffc51ee5000 	C:\WINDOWS\System32\KERNELBASE.dll
0x00007ffc52440000 - 0x00007ffc524e3000 	C:\WINDOWS\System32\ADVAPI32.dll
0x00007ffc52780000 - 0x00007ffc5281e000 	C:\WINDOWS\System32\msvcrt.dll
0x00007ffc54090000 - 0x00007ffc54127000 	C:\WINDOWS\System32\sechost.dll
0x00007ffc536a0000 - 0x00007ffc537c0000 	C:\WINDOWS\System32\RPCRT4.dll
0x00007ffc52820000 - 0x00007ffc529b5000 	C:\WINDOWS\System32\USER32.dll
0x00007ffc52280000 - 0x00007ffc522a1000 	C:\WINDOWS\System32\win32u.dll
0x00007ffc530c0000 - 0x00007ffc530e6000 	C:\WINDOWS\System32\GDI32.dll
0x00007ffc520e0000 - 0x00007ffc52276000 	C:\WINDOWS\System32\gdi32full.dll
0x00007ffc51ef0000 - 0x00007ffc51f8e000 	C:\WINDOWS\System32\msvcp_win.dll
0x00007ffc51fe0000 - 0x00007ffc520da000 	C:\WINDOWS\System32\ucrtbase.dll
0x00007ffc3eb20000 - 0x00007ffc3eda4000 	C:\WINDOWS\WinSxS\amd64_microsoft.windows.common-controls_6595b64144ccf1df_6.0.18362.1082_none_9e8193e1e45b25c1\COMCTL32.dll
0x00007ffc53330000 - 0x00007ffc53665000 	C:\WINDOWS\System32\combase.dll
0x00007ffc522b0000 - 0x00007ffc52330000 	C:\WINDOWS\System32\bcryptPrimitives.dll
0x00007ffc53670000 - 0x00007ffc5369e000 	C:\WINDOWS\System32\IMM32.DLL
0x00000000569f0000 - 0x0000000056ac2000 	C:\Program Files\Android\Android Studio\jre\jre\bin\msvcr100.dll
0x0000000055190000 - 0x00000000559db000 	C:\Program Files\Android\Android Studio\jre\jre\bin\server\jvm.dll
0x00007ffc54000000 - 0x00007ffc54008000 	C:\WINDOWS\System32\PSAPI.DLL
0x00007ffc400b0000 - 0x00007ffc400b9000 	C:\WINDOWS\SYSTEM32\WSOCK32.dll
0x00007ffc532b0000 - 0x00007ffc5331f000 	C:\WINDOWS\System32\WS2_32.dll
0x00007ffc4eb20000 - 0x00007ffc4eb44000 	C:\WINDOWS\SYSTEM32\WINMM.dll
0x00007ffc49a40000 - 0x00007ffc49a4a000 	C:\WINDOWS\SYSTEM32\VERSION.dll
0x00007ffc4eaf0000 - 0x00007ffc4eb1d000 	C:\WINDOWS\SYSTEM32\WINMMBASE.dll
0x00007ffc51f90000 - 0x00007ffc51fda000 	C:\WINDOWS\System32\cfgmgr32.dll
0x00007ffc41c40000 - 0x00007ffc41c4f000 	C:\Program Files\Android\Android Studio\jre\jre\bin\verify.dll
0x00007ffc39270000 - 0x00007ffc39299000 	C:\Program Files\Android\Android Studio\jre\jre\bin\java.dll
0x00007ffc3a0f0000 - 0x00007ffc3a106000 	C:\Program Files\Android\Android Studio\jre\jre\bin\zip.dll
0x00007ffc53890000 - 0x00007ffc53f77000 	C:\WINDOWS\System32\SHELL32.dll
0x00007ffc52390000 - 0x00007ffc52439000 	C:\WINDOWS\System32\shcore.dll
0x00007ffc512e0000 - 0x00007ffc51a60000 	C:\WINDOWS\System32\windows.storage.dll
0x00007ffc511e0000 - 0x00007ffc51203000 	C:\WINDOWS\System32\profapi.dll
0x00007ffc51170000 - 0x00007ffc511ba000 	C:\WINDOWS\System32\powrprof.dll
0x00007ffc51140000 - 0x00007ffc51150000 	C:\WINDOWS\System32\UMPDC.dll
0x00007ffc52330000 - 0x00007ffc52382000 	C:\WINDOWS\System32\shlwapi.dll
0x00007ffc51150000 - 0x00007ffc51161000 	C:\WINDOWS\System32\kernel.appcore.dll
0x00007ffc51210000 - 0x00007ffc51227000 	C:\WINDOWS\System32\cryptsp.dll
0x00007ffc391d0000 - 0x00007ffc391ea000 	C:\Program Files\Android\Android Studio\jre\jre\bin\net.dll
0x00007ffc50930000 - 0x00007ffc50997000 	C:\WINDOWS\system32\mswsock.dll
0x00007ffc38fe0000 - 0x00007ffc38ff3000 	C:\Program Files\Android\Android Studio\jre\jre\bin\nio.dll

VM Arguments:
java_command: org.jetbrains.kotlin.cli.jvm.K2JVMCompiler -Xallow-no-source-files -classpath C:\Users\Public\MyApplication\app\build\intermediates\compile_and_runtime_not_namespaced_r_class_jar\debug\R.jar;C:\Users\다비니PC\.gradle\caches\transforms-2\files-2.1\3e8dc1072b3dc6d06f94c550fe8429a6\jetified-kotlin-android-extensions-runtime-1.3.72.jar;C:\Users\다비니PC\.gradle\caches\transforms-2\files-2.1\edaef255ae3ef092003a6bdef3bdeb0b\jetified-core-ktx-1.1.0-api.jar;C:\Users\다비니PC\.gradle\caches\transforms-2\files-2.1\b87f47617c59ac9ee181a007f480e53f\jetified-kotlin-stdlib-1.3.72.jar;C:\Users\다비니PC\.gradle\caches\transforms-2\files-2.1\481f4a34bee68d86b8ce8774eb15d925\jetified-kotlin-stdlib-common-1.3.72.jar;C:\Users\다비니PC\.gradle\caches\transforms-2\files-2.1\8d2026e1436f86ed1258cdda39e32916\jetified-annotations-13.0.jar;C:\Users\다비니PC\.gradle\caches\transforms-2\files-2.1\e061e2c4521957a6a0da5f950366671c\constraintlayout-2.0.1-api.jar;C:\Users\다비니PC\.gradle\caches\transforms-2\files-2.1\3d8ac964eba6dce9809569581de82f9d\appcompat-1.2.0-api.jar;C:\Users\다비니PC\.gradle\caches\transforms-2\files-2.1\c4417d818a733e73a41458470f86b9be\fragment-1.1.0-api.jar;C:\Users\다비니PC\.gradle\caches\transforms-2\files-2.1\c28b01757a07ac6fb4508d3179bd4d90\jetified-appcompat-resources-1.2.0-api.jar;C:\Users\다비니PC\.gradle\caches\transforms-2\files-2.1\4c8ff528696f7b6e27953e8d6eeb01a9\drawerlayout-1.0.0-api.jar;C:\Users\다비니PC\.gradle\caches\transforms-2\files-2.1\a93c93c702050f703c78764de0b113e8\viewpager-1.0.0-api.jar;C:\Users\다비니PC\.gradle\caches\transforms-2\files-2.1\7df8f94dfe2872df3e5d3da266742398\loader-1.0.0-api.jar;C:\Users\다비니PC\.gradle\caches\transforms-2\files-2.1\333aea6011630b1791363616251d4039\jetified-activity-1.0.0-api.jar;C:\Users\다비니PC\.gradle\caches\transforms-2\files-2.1\9bb80f26171acae195bade97293151c9\vectordrawable-animated-1.1.0-api.jar;C:\Users\다비니PC\.gradle\caches\transforms-2\files-2.1\f1ec0feb275f3ee75c8446afd4ec38f1\vect
java_class_path (initial): C:\Users\다비니PC\.gradle\caches\modules-2\files-2.1\org.jetbrains.kotlin\kotlin-compiler-embeddable\1.3.72\fb72232c8fa977d5e07d33c43381ddbdc5edab6\kotlin-compiler-embeddable-1.3.72.jar;C:\Users\다비니PC\.gradle\caches\modules-2\files-2.1\org.jetbrains.kotlin\kotlin-reflect\1.3.72\86613e1a669a701b0c660bfd2af4f82a7ae11fca\kotlin-reflect-1.3.72.jar;C:\Users\다비니PC\.gradle\caches\modules-2\files-2.1\org.jetbrains.kotlin\kotlin-stdlib\1.3.72\8032138f12c0180bc4e51fe139d4c52b46db6109\kotlin-stdlib-1.3.72.jar;C:\Users\다비니PC\.gradle\caches\modules-2\files-2.1\org.jetbrains.kotlin\kotlin-script-runtime\1.3.72\657d8d34d91e1964b4439378c09933e840bfe8d5\kotlin-script-runtime-1.3.72.jar;C:\Users\다비니PC\.gradle\caches\modules-2\files-2.1\org.jetbrains.kotlin\kotlin-daemon-embeddable\1.3.72\53bbaa2816dbf6bdb85f629451b1fcc88f2164d2\kotlin-daemon-embeddable-1.3.72.jar;C:\Users\다비니PC\.gradle\caches\modules-2\files-2.1\org.jetbrains.intellij.deps\trove4j\1.0.20181211\216c2e14b070f334479d800987affe4054cd563f\trove4j-1.0.20181211.jar;C:\Users\다비니PC\.gradle\caches\modules-2\files-2.1\org.jetbrains.kotlin\kotlin-stdlib-common\1.3.72\6ca8bee3d88957eaaaef077c41c908c9940492d8\kotlin-stdlib-common-1.3.72.jar;C:\Users\다비니PC\.gradle\caches\modules-2\files-2.1\org.jetbrains\annotations\13.0\919f0dfe192fb4e063e7dacadee7f8bb9a2672a9\annotations-13.0.jar;C:\Program Files\Android\Android Studio\jre\lib\tools.jar
Launcher Type: SUN_STANDARD

Environment Variables:
JAVA_HOME=C:\Program Files\Java\jdk-12.0.2
CLASSPATH=%classpath%;.
PATH=C:\Program Files (x86)\Common Files\Oracle\Java\javapath;C:\ProgramData\Oracle\Java\javapath;C:\WINDOWS\system32;C:\WINDOWS;C:\WINDOWS\System32\Wbem;C:\WINDOWS\System32\WindowsPowerShell\v1.0\;C:\Program Files (x86)\GtkSharp\2.12\bin;C:\Program Files (x86)\Skype\Phone\;C:\WINDOWS\System32\OpenSSH\;C:\Program Files\Microsoft SQL Server\130\Tools\Binn\;C:\Users\다비니PC\.dnx\bin;C:\Program Files\Microsoft DNX\Dnvm\;C:\Program Files (x86)\Windows Kits\8.1\Windows Performance Toolkit\;C:\Program Files\Java\jdk-12.0.2\bin;C:\Program Files\Git\cmd;C:\Program Files\MySQL\MySQL Server 8.0\bin;C:\Program Files\MySQL\MySQL Shell 8.0\bin\;C:\Users\다비니PC\AppData\Local\Programs\Python\Python36-32\Scripts\;C:\Users\다비니PC\AppData\Local\Programs\Python\Python36-32\;C:\Users\다비니PC\AppData\Local\Microsoft\WindowsApps;C:\Program Files\Bandizip\;
USERNAME=다비니PC
OS=Windows_NT
PROCESSOR_IDENTIFIER=Intel64 Family 6 Model 142 Stepping 9, GenuineIntel



---------------  S Y S T E M  ---------------

OS: Windows 10.0 , 64 bit Build 18362 (10.0.18362.1082)

CPU:total 4 (initial active 4) (2 cores per cpu, 2 threads per core) family 6 model 142 stepping 9, cmov, cx8, fxsr, mmx, sse, sse2, sse3, ssse3, sse4.1, sse4.2, popcnt, avx, avx2, aes, clmul, erms, 3dnowpref, lzcnt, ht, tsc, tscinvbit, bmi1, bmi2, adx

Memory: 4k page, physical 4050056k(276260k free), swap 16632968k(5224k free)

vm_info: OpenJDK 64-Bit Server VM (25.242-b01) for windows-amd64 JRE (1.8.0_242-release-1644-b01), built by "builder" with MS VC++ 10.0 (VS2010)

time: Wed Oct 14 19:01:14 2020
timezone: 대한민국 표준시
elapsed time: 8 seconds (0d 0h 0m 8s)

